<?xml version="1.0" encoding="UTF-8" ?>
<testsuite failures="0" time="0.043" errors="0" skipped="0" tests="5" name="com.qin.SincronizacionTextoTest">
  <properties>
[...]
</properties>
  <testcase time="0.012" classname="com.qin.SincronizacionTextoTest" name="testCasoSimple"/>
  <testcase time="0.001" classname="com.qin.SincronizacionTextoTest" name="testCasoSimple2"/>
  <testcase time="0" classname="com.qin.SincronizacionTextoTest" name="testCasoSimple3"/>
  <testcase time="0.002" classname="com.qin.SincronizacionTextoTest" name="testCasoComplicado1"/>
  <testcase time="0.001" classname="com.qin.SincronizacionTextoTest" name="testCasoComplicado2"/>
</testsuite>